<?xml version="1.0" encoding="UTF-8"?>
<testsuite xmlns:xsi="http://www.w3.org/2001/XMLSchema-instance" xsi:noNamespaceSchemaLocation="https://maven.apache.org/surefire/maven-surefire-plugin/xsd/surefire-test-report.xsd" name="Parallel.ParallelRunner" time="32.824" tests="1" errors="0" skipped="0" failures="0">
  <properties>
    <property name="sun.desktop" value="windows"/>
    <property name="awt.toolkit" value="sun.awt.windows.WToolkit"/>
    <property name="file.encoding.pkg" value="sun.io"/>
    <property name="java.specification.version" value="1.8"/>
    <property name="sun.cpu.isalist" value="pentium_pro+mmx pentium_pro pentium+mmx pentium i486 i386 i86"/>
    <property name="sun.jnu.encoding" value="Cp1252"/>
    <property name="java.class.path" value="D:\Users\haci\IdeaProjects\SeleniumAutomationFramework\target\test-classes;D:\Users\haci\IdeaProjects\SeleniumAutomationFramework\target\classes;D:\Users\haci\.m2\repository\io\cucumber\cucumber-java\6.10.4\cucumber-java-6.10.4.jar;D:\Users\haci\.m2\repository\io\cucumber\cucumber-core\6.10.4\cucumber-core-6.10.4.jar;D:\Users\haci\.m2\repository\io\cucumber\cucumber-gherkin\6.10.4\cucumber-gherkin-6.10.4.jar;D:\Users\haci\.m2\repository\io\cucumber\cucumber-gherkin-messages\6.10.4\cucumber-gherkin-messages-6.10.4.jar;D:\Users\haci\.m2\repository\io\cucumber\messages\15.0.0\messages-15.0.0.jar;D:\Users\haci\.m2\repository\io\cucumber\tag-expressions\3.0.1\tag-expressions-3.0.1.jar;D:\Users\haci\.m2\repository\io\cucumber\cucumber-expressions\10.3.0\cucumber-expressions-10.3.0.jar;D:\Users\haci\.m2\repository\io\cucumber\datatable\3.5.0\datatable-3.5.0.jar;D:\Users\haci\.m2\repository\io\cucumber\cucumber-plugin\6.10.4\cucumber-plugin-6.10.4.jar;D:\Users\haci\.m2\repository\io\cucumber\docstring\6.10.4\docstring-6.10.4.jar;D:\Users\haci\.m2\repository\io\cucumber\html-formatter\13.0.0\html-formatter-13.0.0.jar;D:\Users\haci\.m2\repository\io\cucumber\create-meta\4.0.0\create-meta-4.0.0.jar;D:\Users\haci\.m2\repository\org\apiguardian\apiguardian-api\1.1.1\apiguardian-api-1.1.1.jar;D:\Users\haci\.m2\repository\io\cucumber\cucumber-junit\6.10.4\cucumber-junit-6.10.4.jar;D:\Users\haci\.m2\repository\junit\junit\4.13.2\junit-4.13.2.jar;D:\Users\haci\.m2\repository\org\hamcrest\hamcrest-core\1.3\hamcrest-core-1.3.jar;D:\Users\haci\.m2\repository\org\seleniumhq\selenium\selenium-java\3.141.59\selenium-java-3.141.59.jar;D:\Users\haci\.m2\repository\org\seleniumhq\selenium\selenium-api\3.141.59\selenium-api-3.141.59.jar;D:\Users\haci\.m2\repository\org\seleniumhq\selenium\selenium-chrome-driver\3.141.59\selenium-chrome-driver-3.141.59.jar;D:\Users\haci\.m2\repository\org\seleniumhq\selenium\selenium-edge-driver\3.141.59\selenium-edge-driver-3.141.59.jar;D:\Users\haci\.m2\repository\org\seleniumhq\selenium\selenium-firefox-driver\3.141.59\selenium-firefox-driver-3.141.59.jar;D:\Users\haci\.m2\repository\org\seleniumhq\selenium\selenium-ie-driver\3.141.59\selenium-ie-driver-3.141.59.jar;D:\Users\haci\.m2\repository\org\seleniumhq\selenium\selenium-opera-driver\3.141.59\selenium-opera-driver-3.141.59.jar;D:\Users\haci\.m2\repository\org\seleniumhq\selenium\selenium-remote-driver\3.141.59\selenium-remote-driver-3.141.59.jar;D:\Users\haci\.m2\repository\org\seleniumhq\selenium\selenium-safari-driver\3.141.59\selenium-safari-driver-3.141.59.jar;D:\Users\haci\.m2\repository\org\seleniumhq\selenium\selenium-support\3.141.59\selenium-support-3.141.59.jar;D:\Users\haci\.m2\repository\net\bytebuddy\byte-buddy\1.8.15\byte-buddy-1.8.15.jar;D:\Users\haci\.m2\repository\org\apache\commons\commons-exec\1.3\commons-exec-1.3.jar;D:\Users\haci\.m2\repository\com\google\guava\guava\25.0-jre\guava-25.0-jre.jar;D:\Users\haci\.m2\repository\com\google\code\findbugs\jsr305\1.3.9\jsr305-1.3.9.jar;D:\Users\haci\.m2\repository\org\checkerframework\checker-compat-qual\2.0.0\checker-compat-qual-2.0.0.jar;D:\Users\haci\.m2\repository\com\google\errorprone\error_prone_annotations\2.1.3\error_prone_annotations-2.1.3.jar;D:\Users\haci\.m2\repository\com\google\j2objc\j2objc-annotations\1.1\j2objc-annotations-1.1.jar;D:\Users\haci\.m2\repository\org\codehaus\mojo\animal-sniffer-annotations\1.14\animal-sniffer-annotations-1.14.jar;D:\Users\haci\.m2\repository\com\squareup\okhttp3\okhttp\3.11.0\okhttp-3.11.0.jar;D:\Users\haci\.m2\repository\com\squareup\okio\okio\1.14.0\okio-1.14.0.jar;D:\Users\haci\.m2\repository\io\github\bonigarcia\webdrivermanager\4.2.2\webdrivermanager-4.2.2.jar;D:\Users\haci\.m2\repository\org\slf4j\slf4j-api\1.7.30\slf4j-api-1.7.30.jar;D:\Users\haci\.m2\repository\commons-io\commons-io\2.8.0\commons-io-2.8.0.jar;D:\Users\haci\.m2\repository\com\google\code\gson\gson\2.8.6\gson-2.8.6.jar;D:\Users\haci\.m2\repository\org\apache\commons\commons-lang3\3.11\commons-lang3-3.11.jar;D:\Users\haci\.m2\repository\org\apache\httpcomponents\client5\httpclient5\5.0.1\httpclient5-5.0.1.jar;D:\Users\haci\.m2\repository\org\apache\httpcomponents\core5\httpcore5\5.0.1\httpcore5-5.0.1.jar;D:\Users\haci\.m2\repository\org\apache\httpcomponents\core5\httpcore5-h2\5.0.1\httpcore5-h2-5.0.1.jar;D:\Users\haci\.m2\repository\commons-codec\commons-codec\1.13\commons-codec-1.13.jar;D:\Users\haci\.m2\repository\org\rauschig\jarchivelib\1.1.0\jarchivelib-1.1.0.jar;D:\Users\haci\.m2\repository\org\apache\commons\commons-compress\1.20\commons-compress-1.20.jar;D:\Users\haci\.m2\repository\org\jsoup\jsoup\1.13.1\jsoup-1.13.1.jar;D:\Users\haci\.m2\repository\org\testng\testng\6.14.3\testng-6.14.3.jar;D:\Users\haci\.m2\repository\com\beust\jcommander\1.72\jcommander-1.72.jar;D:\Users\haci\.m2\repository\org\apache-extras\beanshell\bsh\2.0b6\bsh-2.0b6.jar;D:\Users\haci\.m2\repository\io\cucumber\cucumber-testng\6.10.4\cucumber-testng-6.10.4.jar;D:\Users\haci\.m2\repository\tech\grasshopper\extentreports-cucumber6-adapter\2.8.2\extentreports-cucumber6-adapter-2.8.2.jar;D:\Users\haci\.m2\repository\com\aventstack\extentreports\5.0.6\extentreports-5.0.6.jar;D:\Users\haci\.m2\repository\io\reactivex\rxjava3\rxjava\3.0.4\rxjava-3.0.4.jar;D:\Users\haci\.m2\repository\org\reactivestreams\reactive-streams\1.0.3\reactive-streams-1.0.3.jar;D:\Users\haci\.m2\repository\org\freemarker\freemarker\2.3.30\freemarker-2.3.30.jar;D:\Users\haci\.m2\repository\org\projectlombok\lombok\1.18.12\lombok-1.18.12.jar;D:\Users\haci\.m2\repository\tech\grasshopper\extent-pdf-report\1.7.2\extent-pdf-report-1.7.2.jar;D:\Users\haci\.m2\repository\tech\grasshopper\cucumber-pdf-report\2.2.3\cucumber-pdf-report-2.2.3.jar;D:\Users\haci\.m2\repository\org\apache\pdfbox\pdfbox\2.0.22\pdfbox-2.0.22.jar;D:\Users\haci\.m2\repository\org\apache\pdfbox\fontbox\2.0.22\fontbox-2.0.22.jar;D:\Users\haci\.m2\repository\org\knowm\xchart\xchart\3.8.0\xchart-3.8.0.jar;D:\Users\haci\.m2\repository\de\erichseifert\vectorgraphics2d\VectorGraphics2D\0.13\VectorGraphics2D-0.13.jar;D:\Users\haci\.m2\repository\de\rototor\pdfbox\graphics2d\0.30\graphics2d-0.30.jar;D:\Users\haci\.m2\repository\com\madgag\animated-gif-lib\1.4\animated-gif-lib-1.4.jar;D:\Users\haci\.m2\repository\org\yaml\snakeyaml\1.28\snakeyaml-1.28.jar;D:\Users\haci\.m2\repository\tech\grasshopper\table-layout\1.2.0\table-layout-1.2.0.jar;D:\Users\haci\.m2\repository\com\aventstack\klov-reporter\5.0.6\klov-reporter-5.0.6.jar;D:\Users\haci\.m2\repository\org\mongodb\bson\3.6.4\bson-3.6.4.jar;D:\Users\haci\.m2\repository\org\apache\httpcomponents\httpclient\4.5.2\httpclient-4.5.2.jar;D:\Users\haci\.m2\repository\org\apache\httpcomponents\httpcore\4.4.4\httpcore-4.4.4.jar;D:\Users\haci\.m2\repository\commons-logging\commons-logging\1.2\commons-logging-1.2.jar;D:\Users\haci\.m2\repository\org\apache\httpcomponents\httpmime\4.5.2\httpmime-4.5.2.jar;D:\Users\haci\.m2\repository\org\mongodb\mongodb-driver\3.3.0\mongodb-driver-3.3.0.jar;D:\Users\haci\.m2\repository\org\mongodb\mongodb-driver-core\3.3.0\mongodb-driver-core-3.3.0.jar;"/>
    <property name="java.vm.vendor" value="Oracle Corporation"/>
    <property name="sun.arch.data.model" value="32"/>
    <property name="user.variant" value=""/>
    <property name="java.vendor.url" value="http://java.oracle.com/"/>
    <property name="user.timezone" value="Asia/Istanbul"/>
    <property name="user.country.format" value="TR"/>
    <property name="java.vm.specification.version" value="1.8"/>
    <property name="browserName" value="firefox"/>
    <property name="os.name" value="Windows 10"/>
    <property name="user.country" value="US"/>
    <property name="sun.java.launcher" value="SUN_STANDARD"/>
    <property name="sun.boot.library.path" value="C:\Program Files (x86)\Java\jdk1.8.0_201\jre\bin"/>
    <property name="sun.java.command" value="D:\Users\haci\AppData\Local\Temp\surefire1527397485946432692\surefirebooter6268764712501751096.jar D:\Users\haci\AppData\Local\Temp\surefire1527397485946432692 2021-10-21T14-40-26_579-jvmRun1 surefire1785284386658104139tmp surefire_04569540837363031751tmp"/>
    <property name="surefire.test.class.path" value="D:\Users\haci\IdeaProjects\SeleniumAutomationFramework\target\test-classes;D:\Users\haci\IdeaProjects\SeleniumAutomationFramework\target\classes;D:\Users\haci\.m2\repository\io\cucumber\cucumber-java\6.10.4\cucumber-java-6.10.4.jar;D:\Users\haci\.m2\repository\io\cucumber\cucumber-core\6.10.4\cucumber-core-6.10.4.jar;D:\Users\haci\.m2\repository\io\cucumber\cucumber-gherkin\6.10.4\cucumber-gherkin-6.10.4.jar;D:\Users\haci\.m2\repository\io\cucumber\cucumber-gherkin-messages\6.10.4\cucumber-gherkin-messages-6.10.4.jar;D:\Users\haci\.m2\repository\io\cucumber\messages\15.0.0\messages-15.0.0.jar;D:\Users\haci\.m2\repository\io\cucumber\tag-expressions\3.0.1\tag-expressions-3.0.1.jar;D:\Users\haci\.m2\repository\io\cucumber\cucumber-expressions\10.3.0\cucumber-expressions-10.3.0.jar;D:\Users\haci\.m2\repository\io\cucumber\datatable\3.5.0\datatable-3.5.0.jar;D:\Users\haci\.m2\repository\io\cucumber\cucumber-plugin\6.10.4\cucumber-plugin-6.10.4.jar;D:\Users\haci\.m2\repository\io\cucumber\docstring\6.10.4\docstring-6.10.4.jar;D:\Users\haci\.m2\repository\io\cucumber\html-formatter\13.0.0\html-formatter-13.0.0.jar;D:\Users\haci\.m2\repository\io\cucumber\create-meta\4.0.0\create-meta-4.0.0.jar;D:\Users\haci\.m2\repository\org\apiguardian\apiguardian-api\1.1.1\apiguardian-api-1.1.1.jar;D:\Users\haci\.m2\repository\io\cucumber\cucumber-junit\6.10.4\cucumber-junit-6.10.4.jar;D:\Users\haci\.m2\repository\junit\junit\4.13.2\junit-4.13.2.jar;D:\Users\haci\.m2\repository\org\hamcrest\hamcrest-core\1.3\hamcrest-core-1.3.jar;D:\Users\haci\.m2\repository\org\seleniumhq\selenium\selenium-java\3.141.59\selenium-java-3.141.59.jar;D:\Users\haci\.m2\repository\org\seleniumhq\selenium\selenium-api\3.141.59\selenium-api-3.141.59.jar;D:\Users\haci\.m2\repository\org\seleniumhq\selenium\selenium-chrome-driver\3.141.59\selenium-chrome-driver-3.141.59.jar;D:\Users\haci\.m2\repository\org\seleniumhq\selenium\selenium-edge-driver\3.141.59\selenium-edge-driver-3.141.59.jar;D:\Users\haci\.m2\repository\org\seleniumhq\selenium\selenium-firefox-driver\3.141.59\selenium-firefox-driver-3.141.59.jar;D:\Users\haci\.m2\repository\org\seleniumhq\selenium\selenium-ie-driver\3.141.59\selenium-ie-driver-3.141.59.jar;D:\Users\haci\.m2\repository\org\seleniumhq\selenium\selenium-opera-driver\3.141.59\selenium-opera-driver-3.141.59.jar;D:\Users\haci\.m2\repository\org\seleniumhq\selenium\selenium-remote-driver\3.141.59\selenium-remote-driver-3.141.59.jar;D:\Users\haci\.m2\repository\org\seleniumhq\selenium\selenium-safari-driver\3.141.59\selenium-safari-driver-3.141.59.jar;D:\Users\haci\.m2\repository\org\seleniumhq\selenium\selenium-support\3.141.59\selenium-support-3.141.59.jar;D:\Users\haci\.m2\repository\net\bytebuddy\byte-buddy\1.8.15\byte-buddy-1.8.15.jar;D:\Users\haci\.m2\repository\org\apache\commons\commons-exec\1.3\commons-exec-1.3.jar;D:\Users\haci\.m2\repository\com\google\guava\guava\25.0-jre\guava-25.0-jre.jar;D:\Users\haci\.m2\repository\com\google\code\findbugs\jsr305\1.3.9\jsr305-1.3.9.jar;D:\Users\haci\.m2\repository\org\checkerframework\checker-compat-qual\2.0.0\checker-compat-qual-2.0.0.jar;D:\Users\haci\.m2\repository\com\google\errorprone\error_prone_annotations\2.1.3\error_prone_annotations-2.1.3.jar;D:\Users\haci\.m2\repository\com\google\j2objc\j2objc-annotations\1.1\j2objc-annotations-1.1.jar;D:\Users\haci\.m2\repository\org\codehaus\mojo\animal-sniffer-annotations\1.14\animal-sniffer-annotations-1.14.jar;D:\Users\haci\.m2\repository\com\squareup\okhttp3\okhttp\3.11.0\okhttp-3.11.0.jar;D:\Users\haci\.m2\repository\com\squareup\okio\okio\1.14.0\okio-1.14.0.jar;D:\Users\haci\.m2\repository\io\github\bonigarcia\webdrivermanager\4.2.2\webdrivermanager-4.2.2.jar;D:\Users\haci\.m2\repository\org\slf4j\slf4j-api\1.7.30\slf4j-api-1.7.30.jar;D:\Users\haci\.m2\repository\commons-io\commons-io\2.8.0\commons-io-2.8.0.jar;D:\Users\haci\.m2\repository\com\google\code\gson\gson\2.8.6\gson-2.8.6.jar;D:\Users\haci\.m2\repository\org\apache\commons\commons-lang3\3.11\commons-lang3-3.11.jar;D:\Users\haci\.m2\repository\org\apache\httpcomponents\client5\httpclient5\5.0.1\httpclient5-5.0.1.jar;D:\Users\haci\.m2\repository\org\apache\httpcomponents\core5\httpcore5\5.0.1\httpcore5-5.0.1.jar;D:\Users\haci\.m2\repository\org\apache\httpcomponents\core5\httpcore5-h2\5.0.1\httpcore5-h2-5.0.1.jar;D:\Users\haci\.m2\repository\commons-codec\commons-codec\1.13\commons-codec-1.13.jar;D:\Users\haci\.m2\repository\org\rauschig\jarchivelib\1.1.0\jarchivelib-1.1.0.jar;D:\Users\haci\.m2\repository\org\apache\commons\commons-compress\1.20\commons-compress-1.20.jar;D:\Users\haci\.m2\repository\org\jsoup\jsoup\1.13.1\jsoup-1.13.1.jar;D:\Users\haci\.m2\repository\org\testng\testng\6.14.3\testng-6.14.3.jar;D:\Users\haci\.m2\repository\com\beust\jcommander\1.72\jcommander-1.72.jar;D:\Users\haci\.m2\repository\org\apache-extras\beanshell\bsh\2.0b6\bsh-2.0b6.jar;D:\Users\haci\.m2\repository\io\cucumber\cucumber-testng\6.10.4\cucumber-testng-6.10.4.jar;D:\Users\haci\.m2\repository\tech\grasshopper\extentreports-cucumber6-adapter\2.8.2\extentreports-cucumber6-adapter-2.8.2.jar;D:\Users\haci\.m2\repository\com\aventstack\extentreports\5.0.6\extentreports-5.0.6.jar;D:\Users\haci\.m2\repository\io\reactivex\rxjava3\rxjava\3.0.4\rxjava-3.0.4.jar;D:\Users\haci\.m2\repository\org\reactivestreams\reactive-streams\1.0.3\reactive-streams-1.0.3.jar;D:\Users\haci\.m2\repository\org\freemarker\freemarker\2.3.30\freemarker-2.3.30.jar;D:\Users\haci\.m2\repository\org\projectlombok\lombok\1.18.12\lombok-1.18.12.jar;D:\Users\haci\.m2\repository\tech\grasshopper\extent-pdf-report\1.7.2\extent-pdf-report-1.7.2.jar;D:\Users\haci\.m2\repository\tech\grasshopper\cucumber-pdf-report\2.2.3\cucumber-pdf-report-2.2.3.jar;D:\Users\haci\.m2\repository\org\apache\pdfbox\pdfbox\2.0.22\pdfbox-2.0.22.jar;D:\Users\haci\.m2\repository\org\apache\pdfbox\fontbox\2.0.22\fontbox-2.0.22.jar;D:\Users\haci\.m2\repository\org\knowm\xchart\xchart\3.8.0\xchart-3.8.0.jar;D:\Users\haci\.m2\repository\de\erichseifert\vectorgraphics2d\VectorGraphics2D\0.13\VectorGraphics2D-0.13.jar;D:\Users\haci\.m2\repository\de\rototor\pdfbox\graphics2d\0.30\graphics2d-0.30.jar;D:\Users\haci\.m2\repository\com\madgag\animated-gif-lib\1.4\animated-gif-lib-1.4.jar;D:\Users\haci\.m2\repository\org\yaml\snakeyaml\1.28\snakeyaml-1.28.jar;D:\Users\haci\.m2\repository\tech\grasshopper\table-layout\1.2.0\table-layout-1.2.0.jar;D:\Users\haci\.m2\repository\com\aventstack\klov-reporter\5.0.6\klov-reporter-5.0.6.jar;D:\Users\haci\.m2\repository\org\mongodb\bson\3.6.4\bson-3.6.4.jar;D:\Users\haci\.m2\repository\org\apache\httpcomponents\httpclient\4.5.2\httpclient-4.5.2.jar;D:\Users\haci\.m2\repository\org\apache\httpcomponents\httpcore\4.4.4\httpcore-4.4.4.jar;D:\Users\haci\.m2\repository\commons-logging\commons-logging\1.2\commons-logging-1.2.jar;D:\Users\haci\.m2\repository\org\apache\httpcomponents\httpmime\4.5.2\httpmime-4.5.2.jar;D:\Users\haci\.m2\repository\org\mongodb\mongodb-driver\3.3.0\mongodb-driver-3.3.0.jar;D:\Users\haci\.m2\repository\org\mongodb\mongodb-driver-core\3.3.0\mongodb-driver-core-3.3.0.jar;"/>
    <property name="sun.cpu.endian" value="little"/>
    <property name="user.home" value="D:\Users\haci"/>
    <property name="user.language" value="en"/>
    <property name="java.specification.vendor" value="Oracle Corporation"/>
    <property name="java.home" value="C:\Program Files (x86)\Java\jdk1.8.0_201\jre"/>
    <property name="basedir" value="D:\Users\haci\IdeaProjects\SeleniumAutomationFramework"/>
    <property name="file.separator" value="\"/>
    <property name="line.separator" value="&#10;"/>
    <property name="java.vm.specification.vendor" value="Oracle Corporation"/>
    <property name="java.specification.name" value="Java Platform API Specification"/>
    <property name="java.awt.graphicsenv" value="sun.awt.Win32GraphicsEnvironment"/>
    <property name="surefire.real.class.path" value="D:\Users\haci\AppData\Local\Temp\surefire1527397485946432692\surefirebooter6268764712501751096.jar"/>
    <property name="sun.boot.class.path" value="C:\Program Files (x86)\Java\jdk1.8.0_201\jre\lib\resources.jar;C:\Program Files (x86)\Java\jdk1.8.0_201\jre\lib\rt.jar;C:\Program Files (x86)\Java\jdk1.8.0_201\jre\lib\sunrsasign.jar;C:\Program Files (x86)\Java\jdk1.8.0_201\jre\lib\jsse.jar;C:\Program Files (x86)\Java\jdk1.8.0_201\jre\lib\jce.jar;C:\Program Files (x86)\Java\jdk1.8.0_201\jre\lib\charsets.jar;C:\Program Files (x86)\Java\jdk1.8.0_201\jre\lib\jfr.jar;C:\Program Files (x86)\Java\jdk1.8.0_201\jre\classes"/>
    <property name="user.script" value=""/>
    <property name="sun.management.compiler" value="HotSpot Client Compiler"/>
    <property name="java.runtime.version" value="1.8.0_201-b09"/>
    <property name="user.name" value="haci"/>
    <property name="path.separator" value=";"/>
    <property name="os.version" value="10.0"/>
    <property name="java.endorsed.dirs" value="C:\Program Files (x86)\Java\jdk1.8.0_201\jre\lib\endorsed"/>
    <property name="java.runtime.name" value="Java(TM) SE Runtime Environment"/>
    <property name="file.encoding" value="Cp1252"/>
    <property name="java.vm.name" value="Java HotSpot(TM) Client VM"/>
    <property name="localRepository" value="D:\Users\haci\.m2\repository"/>
    <property name="java.vendor.url.bug" value="http://bugreport.sun.com/bugreport/"/>
    <property name="java.io.tmpdir" value="D:\Users\haci\AppData\Local\Temp\"/>
    <property name="cucumber.filter.tags" value="@search2"/>
    <property name="java.version" value="1.8.0_201"/>
    <property name="user.dir" value="D:\Users\haci\IdeaProjects\SeleniumAutomationFramework"/>
    <property name="os.arch" value="x86"/>
    <property name="java.vm.specification.name" value="Java Virtual Machine Specification"/>
    <property name="java.awt.printerjob" value="sun.awt.windows.WPrinterJob"/>
    <property name="user.language.format" value="tr"/>
    <property name="sun.os.patch.level" value=""/>
    <property name="java.library.path" value="C:\Program Files (x86)\Java\jdk1.8.0_201\jre\bin;C:\Windows\Sun\Java\bin;C:\Windows\system32;C:\Windows;C:\Program Files\Docker\Docker\Resources\bin;C:\Program Files (x86)\Common Files\Oracle\Java\javapath;C:\Program Files (x86)\Intel\iCLS Client\;C:\Program Files\Intel\iCLS Client\;C:\Program Files (x86)\IBM\RationalSDLC\common;C:\ClearCase\Perl\site\bin;C:\ClearCase\Perl\bin;C:\Program Files\avs\bin;C:\Windows\system32;C:\Windows;C:\Windows\System32\Wbem;C:\Windows\System32\WindowsPowerShell\v1.0\;C:\Program Files (x86)\Sennheiser\SoftphoneSDK\;C:\Program Files (x86)\Genband\IDCE 11.5.0\Bin;C:\Program Files (x86)\IBM\RationalSDLC\ClearCase\bin;C:\Program Files (x86)\IBM\gsk8\lib;C:\Program Files (x86)\IBM\gsk8\bin;C:\Program Files (x86)\IBM\RationalSDLC\ClearCase\RemoteClient\cteapis;C:\Windows\CCM;C:\Program Files (x86)\Intel\Intel(R) Management Engine Components\DAL;C:\Program Files\Intel\Intel(R) Management Engine Components\DAL;C:\Program Files (x86)\Intel\Intel(R) Management Engine Components\IPT;C:\Program Files\Intel\Intel(R) Management Engine Components\IPT;C:\Program Files\Git\cmd;%ANDROID_HOME%\tools;%ANDROID_HOME%\tools\bin;%ANDROID_HOME%\build-tools;C:\Program Files\nodejs\;D:\Users\haci\AppData\Local\Android\Sdk\platform-tools;D:\Users\haci\AppData\Local\Android\Sdk\tools;D:\Users\haci\AppData\Local\Android\Sdk\tools\bin;D:\Users\haci\AppData\Local\Android\Sdk\build-tools;C:\Program Files\apache-maven-3.6.0-bin\apache-maven-3.6.0\bin;C:\Program Files\PuTTY\;C:\Program Files\dotnet\;C:\Program Files (x86)\Java\jdk1.8.0_201\bin;D:\Users\haci\AppData\Local\Programs\Python\Python39\Scripts\;D:\Users\haci\AppData\Local\Programs\Python\Python39\;D:\Users\haci\AppData\Local\Microsoft\WindowsApps;D:\Users\haci\AppData\Roaming\npm;D:\Users\haci\AppData\Local\Programs\Microsoft VS Code\bin;."/>
    <property name="java.vm.info" value="mixed mode"/>
    <property name="java.vendor" value="Oracle Corporation"/>
    <property name="java.vm.version" value="25.201-b09"/>
    <property name="java.ext.dirs" value="C:\Program Files (x86)\Java\jdk1.8.0_201\jre\lib\ext;C:\Windows\Sun\Java\lib\ext"/>
    <property name="sun.io.unicode.encoding" value="UnicodeLittle"/>
    <property name="java.class.version" value="52.0"/>
  </properties>
  <testcase name="runScenario" classname="Parallel.ParallelRunner" time="27.554"/>
</testsuite>