<?xml version="1.0" encoding="UTF-8"?>
<!-- Generated by org.testng.reporters.JUnitReportReporter -->
<testsuite skipped="0" hostname="NTS5CG73216S4" name="Parallel.ParallelRunner" tests="1" failures="0" timestamp="21 Eki 2021 11:41:00 GMT" time="27.554" errors="0">
  <testcase name="runScenario" time="27.554" classname="Parallel.ParallelRunner"/>
</testsuite> <!-- Parallel.ParallelRunner -->
