<?xml version="1.0" encoding="UTF-8"?>
<!-- Generated by org.testng.reporters.JUnitReportReporter -->
<testsuite skipped="0" hostname="NTS5CG73216S4" name="Parallel.ParallelRunner" tests="4" failures="0" timestamp="21 Eki 2021 10:54:23 GMT" time="119.181" errors="0">
  <testcase name="runScenario" time="32.934" classname="Parallel.ParallelRunner"/>
  <testcase name="runScenario" time="29.207" classname="Parallel.ParallelRunner"/>
  <testcase name="runScenario" time="28.387" classname="Parallel.ParallelRunner"/>
  <testcase name="runScenario" time="28.653" classname="Parallel.ParallelRunner"/>
</testsuite> <!-- Parallel.ParallelRunner -->
